0	0.000000	0/1597.jpg
1	0.000000	0/733.jpg
2	0.000000	0/21.jpg
3	0.000000	0/929.jpg
4	0.000000	0/1171.jpg
5	0.000000	0/1385.jpg
6	0.000000	0/1572.jpg
7	0.000000	0/1574.jpg
8	0.000000	0/1322.jpg
9	0.000000	0/1056.jpg
10	0.000000	0/362.jpg
11	0.000000	0/721.jpg
12	0.000000	0/1429.jpg
13	0.000000	0/1445.jpg
14	0.000000	0/139.jpg
15	0.000000	0/1505.jpg
16	0.000000	0/1000.jpg
17	0.000000	0/658.jpg
18	0.000000	0/1203.jpg
19	0.000000	0/563.jpg
20	0.000000	0/363.jpg
21	0.000000	0/738.jpg
22	0.000000	0/984.jpg
23	0.000000	0/378.jpg
24	0.000000	0/1412.jpg
25	0.000000	0/600.jpg
26	0.000000	0/1379.jpg
27	0.000000	0/1031.jpg
28	0.000000	0/1325.jpg
29	0.000000	0/916.jpg
30	0.000000	0/334.jpg
31	0.000000	0/30.jpg
32	0.000000	0/1183.jpg
33	0.000000	0/623.jpg
34	0.000000	0/1095.jpg
35	0.000000	0/559.jpg
36	0.000000	0/203.jpg
37	0.000000	0/1531.jpg
38	0.000000	0/1190.jpg
39	0.000000	0/951.jpg
40	0.000000	0/1343.jpg
41	0.000000	0/727.jpg
42	0.000000	0/344.jpg
43	0.000000	0/1361.jpg
44	0.000000	0/1364.jpg
45	0.000000	0/1102.jpg
46	0.000000	0/1359.jpg
47	0.000000	0/303.jpg
48	0.000000	0/1107.jpg
49	0.000000	0/1529.jpg
50	0.000000	0/926.jpg
51	0.000000	0/1281.jpg
52	0.000000	0/1134.jpg
53	0.000000	0/279.jpg
54	0.000000	0/198.jpg
55	0.000000	0/332.jpg
56	0.000000	0/1591.jpg
57	0.000000	0/209.jpg
58	0.000000	0/612.jpg
59	0.000000	0/829.jpg
60	0.000000	0/1079.jpg
61	0.000000	0/322.jpg
62	0.000000	0/773.jpg
63	0.000000	0/1238.jpg
64	0.000000	0/1410.jpg
65	0.000000	0/1624.jpg
66	0.000000	0/1613.jpg
67	0.000000	0/1522.jpg
68	0.000000	0/567.jpg
69	0.000000	0/731.jpg
70	0.000000	0/889.jpg
71	0.000000	0/898.jpg
72	0.000000	0/845.jpg
73	0.000000	0/877.jpg
74	0.000000	0/867.jpg
75	0.000000	0/741.jpg
76	0.000000	0/1223.jpg
77	0.000000	0/1018.jpg
78	0.000000	0/152.jpg
79	0.000000	0/1351.jpg
80	0.000000	0/1307.jpg
81	0.000000	0/964.jpg
82	0.000000	0/1310.jpg
83	0.000000	0/260.jpg
84	0.000000	0/60.jpg
85	0.000000	0/146.jpg
86	0.000000	0/1610.jpg
87	0.000000	0/264.jpg
88	0.000000	0/925.jpg
89	0.000000	0/114.jpg
90	0.000000	0/174.jpg
91	0.000000	0/1346.jpg
92	0.000000	0/383.jpg
93	0.000000	0/395.jpg
94	0.000000	0/1277.jpg
95	0.000000	0/683.jpg
96	0.000000	0/40.jpg
97	0.000000	0/266.jpg
98	0.000000	0/1540.jpg
99	0.000000	0/1293.jpg
100	0.000000	0/638.jpg
101	0.000000	0/1276.jpg
102	0.000000	0/719.jpg
103	0.000000	0/805.jpg
104	0.000000	0/118.jpg
105	0.000000	0/788.jpg
106	0.000000	0/648.jpg
107	0.000000	0/496.jpg
108	0.000000	0/1009.jpg
109	0.000000	0/722.jpg
110	0.000000	0/1568.jpg
111	0.000000	0/980.jpg
112	0.000000	0/36.jpg
113	0.000000	0/1620.jpg
114	0.000000	0/296.jpg
115	0.000000	0/110.jpg
116	0.000000	0/934.jpg
117	0.000000	0/1523.jpg
118	0.000000	0/1497.jpg
119	0.000000	0/1263.jpg
120	0.000000	0/281.jpg
121	0.000000	0/175.jpg
122	0.000000	0/1415.jpg
123	0.000000	0/932.jpg
124	0.000000	0/143.jpg
125	0.000000	0/309.jpg
126	0.000000	0/511.jpg
127	0.000000	0/234.jpg
128	0.000000	0/354.jpg
129	0.000000	0/1409.jpg
130	0.000000	0/1053.jpg
131	0.000000	0/262.jpg
132	0.000000	0/31.jpg
133	0.000000	0/1228.jpg
134	0.000000	0/129.jpg
135	0.000000	0/588.jpg
136	0.000000	0/398.jpg
137	0.000000	0/461.jpg
138	0.000000	0/328.jpg
139	0.000000	0/1424.jpg
140	0.000000	0/1253.jpg
141	0.000000	0/1514.jpg
142	0.000000	0/780.jpg
143	0.000000	0/1298.jpg
144	0.000000	0/1147.jpg
145	0.000000	0/1206.jpg
146	0.000000	0/852.jpg
147	0.000000	0/313.jpg
148	0.000000	0/1216.jpg
149	0.000000	0/561.jpg
150	0.000000	0/801.jpg
151	0.000000	0/503.jpg
152	0.000000	0/151.jpg
153	0.000000	0/288.jpg
154	0.000000	0/1179.jpg
155	0.000000	0/132.jpg
156	0.000000	0/619.jpg
157	0.000000	0/480.jpg
158	0.000000	0/353.jpg
159	0.000000	0/656.jpg
160	0.000000	0/108.jpg
161	0.000000	0/1330.jpg
162	0.000000	0/647.jpg
163	0.000000	0/104.jpg
164	0.000000	0/593.jpg
165	0.000000	0/546.jpg
166	0.000000	0/843.jpg
167	0.000000	0/39.jpg
168	0.000000	0/678.jpg
169	0.000000	0/1088.jpg
170	0.000000	0/157.jpg
171	0.000000	0/1246.jpg
172	0.000000	0/1404.jpg
173	0.000000	0/1309.jpg
174	0.000000	0/579.jpg
175	0.000000	0/807.jpg
176	0.000000	0/1328.jpg
177	0.000000	0/1486.jpg
178	0.000000	0/12.jpg
179	0.000000	0/1108.jpg
180	0.000000	0/812.jpg
181	0.000000	0/811.jpg
182	0.000000	0/907.jpg
183	0.000000	0/486.jpg
184	0.000000	0/1536.jpg
185	0.000000	0/1345.jpg
186	0.000000	0/210.jpg
187	0.000000	0/135.jpg
188	0.000000	0/258.jpg
189	0.000000	0/339.jpg
190	0.000000	0/822.jpg
191	0.000000	0/46.jpg
192	0.000000	0/1354.jpg
193	0.000000	0/107.jpg
194	0.000000	0/221.jpg
195	0.000000	0/1261.jpg
196	0.000000	0/1153.jpg
197	0.000000	0/754.jpg
198	0.000000	0/24.jpg
199	0.000000	0/640.jpg
200	0.000000	0/751.jpg
201	0.000000	0/512.jpg
202	0.000000	0/1007.jpg
203	0.000000	0/726.jpg
204	0.000000	0/1054.jpg
205	0.000000	0/1236.jpg
206	0.000000	0/1414.jpg
207	0.000000	0/1537.jpg
208	0.000000	0/815.jpg
209	0.000000	0/11.jpg
210	0.000000	0/675.jpg
211	0.000000	0/769.jpg
212	0.000000	0/953.jpg
213	0.000000	0/1093.jpg
214	0.000000	0/1580.jpg
215	0.000000	0/808.jpg
216	0.000000	0/1456.jpg
217	0.000000	0/384.jpg
218	0.000000	0/1045.jpg
219	0.000000	0/13.jpg
220	0.000000	0/347.jpg
221	0.000000	0/1167.jpg
222	0.000000	0/1352.jpg
223	0.000000	0/818.jpg
224	0.000000	0/981.jpg
225	0.000000	0/876.jpg
226	0.000000	0/386.jpg
227	0.000000	0/1215.jpg
228	0.000000	0/659.jpg
229	0.000000	0/630.jpg
230	0.000000	0/38.jpg
231	0.000000	0/402.jpg
232	0.000000	0/495.jpg
233	0.000000	0/187.jpg
234	0.000000	0/761.jpg
235	0.000000	0/692.jpg
236	0.000000	0/518.jpg
237	0.000000	0/1411.jpg
238	0.000000	0/986.jpg
239	0.000000	0/1304.jpg
240	0.000000	0/341.jpg
241	0.000000	0/423.jpg
242	0.000000	0/1269.jpg
243	0.000000	0/903.jpg
244	0.000000	0/1401.jpg
245	0.000000	0/1290.jpg
246	0.000000	0/1151.jpg
247	0.000000	0/1318.jpg
248	0.000000	0/405.jpg
249	0.000000	0/848.jpg
250	0.000000	0/1504.jpg
251	0.000000	0/1498.jpg
252	0.000000	0/116.jpg
253	0.000000	0/340.jpg
254	0.000000	0/14.jpg
255	0.000000	0/544.jpg
256	0.000000	0/329.jpg
257	0.000000	0/1010.jpg
258	0.000000	0/1402.jpg
259	0.000000	0/1200.jpg
260	0.000000	0/1331.jpg
261	0.000000	0/574.jpg
262	0.000000	0/661.jpg
263	0.000000	0/457.jpg
264	0.000000	0/881.jpg
265	0.000000	0/1039.jpg
266	0.000000	0/634.jpg
267	0.000000	0/1332.jpg
268	0.000000	0/737.jpg
269	0.000000	0/1104.jpg
270	0.000000	0/445.jpg
271	0.000000	0/580.jpg
272	0.000000	0/1465.jpg
273	0.000000	0/1377.jpg
274	0.000000	0/582.jpg
275	0.000000	0/875.jpg
276	0.000000	0/434.jpg
277	0.000000	0/1334.jpg
278	0.000000	0/1590.jpg
279	0.000000	0/1301.jpg
280	0.000000	0/810.jpg
281	0.000000	0/270.jpg
282	0.000000	0/1418.jpg
283	0.000000	0/268.jpg
284	0.000000	0/1116.jpg
285	0.000000	0/454.jpg
286	0.000000	0/1548.jpg
287	0.000000	0/663.jpg
288	0.000000	0/1239.jpg
289	0.000000	0/1395.jpg
290	0.000000	0/1390.jpg
291	0.000000	0/1073.jpg
292	0.000000	0/1441.jpg
293	0.000000	0/449.jpg
294	0.000000	0/922.jpg
295	0.000000	0/1595.jpg
296	0.000000	0/1455.jpg
297	0.000000	0/79.jpg
298	0.000000	0/772.jpg
299	0.000000	0/224.jpg
300	0.000000	0/307.jpg
301	0.000000	0/910.jpg
302	0.000000	0/443.jpg
303	0.000000	0/531.jpg
304	0.000000	0/961.jpg
305	0.000000	0/490.jpg
306	0.000000	0/940.jpg
307	0.000000	0/657.jpg
308	0.000000	0/1008.jpg
309	0.000000	0/924.jpg
310	0.000000	0/425.jpg
311	0.000000	0/933.jpg
312	0.000000	0/1003.jpg
313	0.000000	0/1233.jpg
314	0.000000	0/357.jpg
315	0.000000	0/885.jpg
316	0.000000	0/1516.jpg
317	0.000000	0/170.jpg
318	0.000000	0/762.jpg
319	0.000000	0/349.jpg
320	0.000000	0/1026.jpg
321	0.000000	0/837.jpg
322	0.000000	0/1584.jpg
323	0.000000	0/1212.jpg
324	0.000000	0/813.jpg
325	0.000000	0/368.jpg
326	0.000000	0/360.jpg
327	0.000000	0/928.jpg
328	0.000000	0/147.jpg
329	0.000000	0/917.jpg
330	0.000000	0/126.jpg
331	0.000000	0/237.jpg
332	0.000000	0/1242.jpg
333	0.000000	0/1294.jpg
334	0.000000	0/447.jpg
335	0.000000	0/1012.jpg
336	0.000000	0/537.jpg
337	0.000000	0/48.jpg
338	0.000000	0/93.jpg
339	0.000000	0/1005.jpg
340	0.000000	0/81.jpg
341	0.000000	0/160.jpg
342	0.000000	0/109.jpg
343	0.000000	0/1604.jpg
344	0.000000	0/1250.jpg
345	0.000000	0/257.jpg
346	0.000000	0/565.jpg
347	0.000000	0/1194.jpg
348	0.000000	0/9.jpg
349	0.000000	0/501.jpg
350	0.000000	0/581.jpg
351	0.000000	0/1538.jpg
352	0.000000	0/420.jpg
353	0.000000	0/35.jpg
354	0.000000	0/1029.jpg
355	0.000000	0/1303.jpg
356	0.000000	0/665.jpg
357	0.000000	0/888.jpg
358	0.000000	0/646.jpg
359	0.000000	0/1060.jpg
360	0.000000	0/1021.jpg
361	0.000000	0/868.jpg
362	0.000000	0/819.jpg
363	0.000000	0/335.jpg
364	0.000000	0/765.jpg
365	0.000000	0/271.jpg
366	0.000000	0/891.jpg
367	0.000000	0/201.jpg
368	0.000000	0/481.jpg
369	0.000000	0/453.jpg
370	0.000000	0/75.jpg
371	0.000000	0/432.jpg
372	0.000000	0/668.jpg
373	0.000000	0/1315.jpg
374	0.000000	0/428.jpg
375	0.000000	0/1224.jpg
376	0.000000	0/37.jpg
377	0.000000	0/1573.jpg
378	0.000000	0/1092.jpg
379	0.000000	0/846.jpg
380	0.000000	0/608.jpg
381	0.000000	0/474.jpg
382	0.000000	0/413.jpg
383	0.000000	0/1300.jpg
384	0.000000	0/1526.jpg
385	0.000000	0/227.jpg
386	0.000000	0/1004.jpg
387	0.000000	0/1405.jpg
388	0.000000	0/1230.jpg
389	0.000000	0/1566.jpg
390	0.000000	0/562.jpg
391	0.000000	0/1196.jpg
392	0.000000	0/1075.jpg
393	0.000000	0/220.jpg
394	0.000000	0/914.jpg
395	0.000000	0/506.jpg
396	0.000000	0/1085.jpg
397	0.000000	0/355.jpg
398	0.000000	0/710.jpg
399	0.000000	0/662.jpg
400	0.000000	0/414.jpg
401	0.000000	0/1047.jpg
402	0.000000	0/42.jpg
403	0.000000	0/627.jpg
404	0.000000	0/878.jpg
405	0.000000	0/483.jpg
406	0.000000	0/633.jpg
407	0.000000	0/502.jpg
408	0.000000	0/1602.jpg
409	0.000000	0/1384.jpg
410	0.000000	0/1161.jpg
411	0.000000	0/498.jpg
412	0.000000	0/140.jpg
413	0.000000	0/720.jpg
414	0.000000	0/188.jpg
415	0.000000	0/47.jpg
416	0.000000	0/1442.jpg
417	0.000000	0/1098.jpg
418	0.000000	0/968.jpg
419	0.000000	0/382.jpg
420	0.000000	0/849.jpg
421	0.000000	0/475.jpg
422	0.000000	0/239.jpg
423	0.000000	0/1210.jpg
424	0.000000	0/155.jpg
425	0.000000	0/66.jpg
426	0.000000	0/67.jpg
427	0.000000	0/1237.jpg
428	0.000000	0/791.jpg
429	0.000000	0/1348.jpg
430	0.000000	0/99.jpg
431	0.000000	0/1070.jpg
432	0.000000	0/736.jpg
433	0.000000	0/701.jpg
434	0.000000	0/1416.jpg
435	0.000000	0/426.jpg
436	0.000000	0/77.jpg
437	0.000000	0/1545.jpg
438	0.000000	0/1256.jpg
439	0.000000	0/764.jpg
440	0.000000	0/278.jpg
441	0.000000	0/936.jpg
442	0.000000	0/1408.jpg
443	0.000000	0/1160.jpg
444	0.000000	0/130.jpg
445	0.000000	0/1381.jpg
446	0.000000	0/1271.jpg
447	0.000000	0/1319.jpg
448	0.000000	0/393.jpg
449	0.000000	0/300.jpg
450	0.000000	0/1357.jpg
451	0.000000	0/991.jpg
452	0.000000	0/538.jpg
453	0.000000	0/575.jpg
454	0.000000	0/1561.jpg
455	0.000000	0/375.jpg
456	0.000000	0/866.jpg
457	0.000000	0/775.jpg
458	0.000000	0/539.jpg
459	0.000000	0/1219.jpg
460	0.000000	0/1118.jpg
461	0.000000	0/1218.jpg
462	0.000000	0/1137.jpg
463	0.000000	0/1603.jpg
464	0.000000	0/94.jpg
465	0.000000	0/784.jpg
466	0.000000	0/1323.jpg
467	0.000000	0/1524.jpg
468	0.000000	0/407.jpg
469	0.000000	0/1306.jpg
470	0.000000	0/164.jpg
471	0.000000	0/1378.jpg
472	0.000000	0/1014.jpg
473	0.000000	0/1231.jpg
474	0.000000	0/433.jpg
475	0.000000	0/1100.jpg
476	0.000000	0/688.jpg
477	0.000000	0/552.jpg
478	0.000000	0/69.jpg
479	0.000000	0/766.jpg
480	0.000000	0/247.jpg
481	0.000000	0/943.jpg
482	0.000000	0/1122.jpg
483	0.000000	0/1252.jpg
484	0.000000	0/331.jpg
485	0.000000	0/1050.jpg
486	0.000000	0/833.jpg
487	0.000000	0/793.jpg
488	0.000000	0/476.jpg
489	0.000000	0/1391.jpg
490	0.000000	0/897.jpg
491	0.000000	0/1283.jpg
492	0.000000	0/939.jpg
493	0.000000	0/629.jpg
494	0.000000	0/723.jpg
495	0.000000	0/17.jpg
496	0.000000	0/321.jpg
497	0.000000	0/1367.jpg
498	0.000000	0/1527.jpg
499	0.000000	0/193.jpg
500	0.000000	0/714.jpg
501	0.000000	0/459.jpg
502	0.000000	0/1398.jpg
503	0.000000	0/1496.jpg
504	0.000000	0/952.jpg
505	0.000000	0/352.jpg
506	0.000000	0/543.jpg
507	0.000000	0/558.jpg
508	0.000000	0/1444.jpg
509	0.000000	0/681.jpg
510	0.000000	0/996.jpg
511	0.000000	0/464.jpg
512	0.000000	0/1474.jpg
513	0.000000	0/944.jpg
514	0.000000	0/1600.jpg
515	0.000000	0/1468.jpg
516	0.000000	0/938.jpg
517	0.000000	0/1229.jpg
518	0.000000	0/122.jpg
519	0.000000	0/463.jpg
520	0.000000	0/1617.jpg
521	0.000000	0/920.jpg
522	0.000000	0/1024.jpg
523	0.000000	0/119.jpg
524	0.000000	0/901.jpg
525	0.000000	0/1101.jpg
526	0.000000	0/92.jpg
527	0.000000	0/1340.jpg
528	0.000000	0/1518.jpg
529	0.000000	0/616.jpg
530	0.000000	0/473.jpg
531	0.000000	0/314.jpg
532	0.000000	0/7.jpg
533	0.000000	0/1243.jpg
534	0.000000	0/1193.jpg
535	0.000000	0/863.jpg
536	0.000000	0/444.jpg
537	0.000000	0/1059.jpg
538	0.000000	0/1064.jpg
539	0.000000	0/1172.jpg
540	0.000000	0/1407.jpg
541	0.000000	0/1286.jpg
542	0.000000	0/696.jpg
543	0.000000	0/1080.jpg
544	0.000000	0/1437.jpg
545	0.000000	0/699.jpg
546	0.000000	0/1583.jpg
547	0.000000	0/1510.jpg
548	0.000000	0/879.jpg
549	0.000000	0/230.jpg
550	0.000000	0/1041.jpg
551	0.000000	0/1479.jpg
552	0.000000	0/61.jpg
553	0.000000	0/1044.jpg
554	0.000000	0/165.jpg
555	0.000000	0/167.jpg
556	0.000000	0/15.jpg
557	0.000000	0/1221.jpg
558	0.000000	0/80.jpg
559	0.000000	0/825.jpg
560	0.000000	0/873.jpg
561	0.000000	0/532.jpg
562	0.000000	0/1082.jpg
563	0.000000	0/855.jpg
564	0.000000	0/1078.jpg
565	0.000000	0/194.jpg
566	0.000000	0/1046.jpg
567	0.000000	0/1168.jpg
568	0.000000	0/333.jpg
569	0.000000	0/272.jpg
570	0.000000	0/1051.jpg
571	0.000000	0/1417.jpg
572	0.000000	0/1443.jpg
573	0.000000	0/975.jpg
574	0.000000	0/644.jpg
575	0.000000	0/1105.jpg
576	0.000000	0/513.jpg
577	0.000000	0/978.jpg
578	0.000000	0/1096.jpg
579	0.000000	0/904.jpg
580	0.000000	0/676.jpg
581	0.000000	0/700.jpg
582	0.000000	0/1071.jpg
583	0.000000	0/607.jpg
584	0.000000	0/387.jpg
585	0.000000	0/1091.jpg
586	0.000000	0/136.jpg
587	0.000000	0/679.jpg
588	0.000000	0/440.jpg
589	0.000000	0/637.jpg
590	0.000000	0/284.jpg
591	0.000000	0/52.jpg
592	0.000000	0/865.jpg
593	0.000000	0/83.jpg
594	0.000000	0/206.jpg
595	0.000000	0/127.jpg
596	0.000000	0/955.jpg
597	0.000000	0/1611.jpg
598	0.000000	0/1296.jpg
599	0.000000	0/280.jpg
600	0.000000	0/65.jpg
601	0.000000	0/98.jpg
602	0.000000	0/693.jpg
603	0.000000	0/485.jpg
604	0.000000	0/985.jpg
605	0.000000	0/1055.jpg
606	0.000000	0/1020.jpg
607	0.000000	0/894.jpg
608	0.000000	0/1396.jpg
609	0.000000	0/1457.jpg
610	0.000000	0/364.jpg
611	0.000000	0/338.jpg
612	0.000000	0/911.jpg
613	0.000000	0/666.jpg
614	0.000000	0/1128.jpg
615	0.000000	0/596.jpg
616	0.000000	0/1586.jpg
617	0.000000	0/439.jpg
618	0.000000	0/350.jpg
619	0.000000	0/1019.jpg
620	0.000000	0/1605.jpg
621	0.000000	0/276.jpg
622	0.000000	0/857.jpg
623	0.000000	0/611.jpg
624	0.000000	0/455.jpg
625	0.000000	0/8.jpg
626	0.000000	0/1370.jpg
627	0.000000	0/992.jpg
628	0.000000	0/1225.jpg
629	0.000000	0/1232.jpg
630	0.000000	0/1632.jpg
631	0.000000	0/1555.jpg
632	0.000000	0/275.jpg
633	0.000000	0/1274.jpg
634	0.000000	0/1262.jpg
635	0.000000	0/858.jpg
636	0.000000	0/1571.jpg
637	0.000000	0/1001.jpg
638	0.000000	0/1275.jpg
639	0.000000	0/200.jpg
640	0.000000	0/572.jpg
641	0.000000	0/779.jpg
642	0.000000	0/601.jpg
643	0.000000	0/856.jpg
644	0.000000	0/1349.jpg
645	0.000000	0/1182.jpg
646	0.000000	0/768.jpg
647	0.000000	0/380.jpg
648	0.000000	0/861.jpg
649	0.000000	0/960.jpg
650	0.000000	0/523.jpg
651	0.000000	0/1145.jpg
652	0.000000	0/183.jpg
653	0.000000	0/632.jpg
654	0.000000	0/312.jpg
655	0.000000	0/263.jpg
656	0.000000	0/1249.jpg
657	0.000000	0/95.jpg
658	0.000000	0/522.jpg
659	0.000000	0/1578.jpg
660	0.000000	0/2.jpg
661	0.000000	0/1436.jpg
662	0.000000	0/169.jpg
663	0.000000	0/1076.jpg
664	0.000000	0/1427.jpg
665	0.000000	0/141.jpg
666	0.000000	0/921.jpg
667	0.000000	0/1493.jpg
668	0.000000	0/802.jpg
669	0.000000	0/1362.jpg
670	0.000000	0/356.jpg
671	0.000000	0/499.jpg
672	0.000000	0/988.jpg
673	0.000000	0/1371.jpg
674	0.000000	0/84.jpg
675	0.000000	0/1363.jpg
676	0.000000	0/376.jpg
677	0.000000	0/792.jpg
678	0.000000	0/76.jpg
679	0.000000	0/1432.jpg
680	0.000000	0/1169.jpg
681	0.000000	0/1467.jpg
682	0.000000	0/547.jpg
683	0.000000	0/995.jpg
684	0.000000	0/299.jpg
685	0.000000	0/412.jpg
686	0.000000	0/124.jpg
687	0.000000	0/106.jpg
688	0.000000	0/1289.jpg
689	0.000000	0/954.jpg
690	0.000000	0/406.jpg
691	0.000000	0/1052.jpg
692	0.000000	0/973.jpg
693	0.000000	0/1033.jpg
694	0.000000	0/1501.jpg
695	0.000000	0/1336.jpg
696	0.000000	0/18.jpg
697	0.000000	0/1251.jpg
698	0.000000	0/248.jpg
699	0.000000	0/1058.jpg
700	0.000000	0/621.jpg
701	0.000000	0/159.jpg
702	0.000000	0/884.jpg
703	0.000000	0/330.jpg
704	0.000000	0/82.jpg
705	0.000000	0/43.jpg
706	0.000000	0/540.jpg
707	0.000000	0/452.jpg
708	0.000000	0/1460.jpg
709	0.000000	0/909.jpg
710	0.000000	0/982.jpg
711	0.000000	0/598.jpg
712	0.000000	0/394.jpg
713	0.000000	0/1136.jpg
714	0.000000	0/1086.jpg
715	0.000000	0/1534.jpg
716	0.000000	0/1476.jpg
717	0.000000	0/1030.jpg
718	0.000000	0/709.jpg
719	0.000000	0/718.jpg
720	0.000000	0/1157.jpg
721	0.000000	0/1213.jpg
722	0.000000	0/377.jpg
723	0.000000	0/545.jpg
724	0.000000	0/1549.jpg
725	0.000000	0/1148.jpg
726	0.000000	0/556.jpg
727	0.000000	0/1380.jpg
728	0.000000	0/597.jpg
729	0.000000	0/1244.jpg
730	0.000000	0/1180.jpg
731	0.000000	0/1035.jpg
732	0.000000	0/1564.jpg
733	0.000000	0/1386.jpg
734	0.000000	0/1495.jpg
735	0.000000	0/1509.jpg
736	0.000000	0/1368.jpg
737	0.000000	0/1084.jpg
738	0.000000	0/528.jpg
739	0.000000	0/1491.jpg
740	0.000000	0/883.jpg
741	0.000000	0/168.jpg
742	0.000000	0/430.jpg
743	0.000000	0/994.jpg
744	0.000000	0/53.jpg
745	0.000000	0/1143.jpg
746	0.000000	0/1329.jpg
747	0.000000	0/1265.jpg
748	0.000000	0/1547.jpg
749	0.000000	0/25.jpg
750	0.000000	0/91.jpg
751	0.000000	0/369.jpg
752	0.000000	0/1015.jpg
753	0.000000	0/1422.jpg
754	0.000000	0/71.jpg
755	0.000000	0/1472.jpg
756	0.000000	0/1503.jpg
757	0.000000	0/753.jpg
758	0.000000	0/997.jpg
759	0.000000	0/1589.jpg
760	0.000000	0/847.jpg
761	0.000000	0/1174.jpg
762	0.000000	0/186.jpg
763	0.000000	0/786.jpg
764	0.000000	0/892.jpg
765	0.000000	0/830.jpg
766	0.000000	0/1426.jpg
767	0.000000	0/1507.jpg
768	0.000000	0/1413.jpg
769	0.000000	0/41.jpg
770	0.000000	0/415.jpg
771	0.000000	0/1146.jpg
772	0.000000	0/358.jpg
773	0.000000	0/1628.jpg
774	0.000000	0/1520.jpg
775	0.000000	0/548.jpg
776	0.000000	0/620.jpg
777	0.000000	0/249.jpg
778	0.000000	0/796.jpg
779	0.000000	0/864.jpg
780	0.000000	0/49.jpg
781	0.000000	0/1049.jpg
782	0.000000	0/217.jpg
783	0.000000	0/983.jpg
784	0.000000	0/550.jpg
785	0.000000	0/1502.jpg
786	0.000000	0/326.jpg
787	0.000000	0/573.jpg
788	0.000000	0/27.jpg
789	0.000000	0/22.jpg
790	0.000000	0/1521.jpg
791	0.000000	0/899.jpg
792	0.000000	0/836.jpg
793	0.000000	0/1268.jpg
794	0.000000	0/602.jpg
795	0.000000	0/294.jpg
796	0.000000	0/1482.jpg
797	0.000000	0/1144.jpg
798	0.000000	0/1149.jpg
799	0.000000	0/1464.jpg
800	0.000000	0/408.jpg
801	0.000000	0/949.jpg
802	0.000000	0/133.jpg
803	0.000000	0/70.jpg
804	0.000000	0/586.jpg
805	0.000000	0/1392.jpg
806	0.000000	0/832.jpg
807	0.000000	0/1403.jpg
808	0.000000	0/838.jpg
809	0.000000	0/809.jpg
810	0.000000	0/900.jpg
811	0.000000	0/777.jpg
812	0.000000	0/1430.jpg
813	0.000000	0/323.jpg
814	0.000000	0/245.jpg
815	0.000000	0/1347.jpg
816	0.000000	0/814.jpg
817	0.000000	0/570.jpg
818	0.000000	0/1273.jpg
819	0.000000	0/947.jpg
820	0.000000	0/590.jpg
821	0.000000	0/1177.jpg
822	0.000000	0/1567.jpg
823	0.000000	0/652.jpg
824	0.000000	0/88.jpg
825	0.000000	0/919.jpg
826	0.000000	0/687.jpg
827	0.000000	0/1139.jpg
828	0.000000	0/150.jpg
829	0.000000	0/308.jpg
830	0.000000	0/1517.jpg
831	0.000000	0/655.jpg
832	0.000000	0/442.jpg
833	0.000000	0/1162.jpg
834	0.000000	0/1388.jpg
835	0.000000	0/1575.jpg
836	0.000000	0/1255.jpg
837	0.000000	0/739.jpg
838	0.000000	0/1204.jpg
839	0.000000	0/521.jpg
840	0.000000	0/1191.jpg
841	0.000000	0/853.jpg
842	0.000000	0/462.jpg
843	0.000000	0/1154.jpg
844	0.000000	0/134.jpg
845	0.000000	0/1471.jpg
846	0.000000	0/419.jpg
847	0.000000	0/199.jpg
848	0.000000	0/1581.jpg
849	0.000000	0/1373.jpg
850	0.000000	0/1358.jpg
851	0.000000	0/1186.jpg
852	0.000000	0/799.jpg
853	0.000000	0/880.jpg
854	0.000000	0/1042.jpg
855	0.000000	0/1473.jpg
856	0.000000	0/685.jpg
857	0.000000	0/145.jpg
858	0.000000	0/252.jpg
859	0.000000	0/795.jpg
860	0.000000	0/154.jpg
861	0.000000	0/1335.jpg
862	0.000000	0/1278.jpg
863	0.000000	0/831.jpg
864	0.000000	0/286.jpg
865	0.000000	0/1069.jpg
866	0.000000	0/1542.jpg
867	0.000000	0/1515.jpg
868	0.000000	0/1612.jpg
869	0.000000	0/605.jpg
870	0.000000	0/111.jpg
871	0.000000	0/1483.jpg
872	0.000000	0/346.jpg
873	0.000000	0/1066.jpg
874	0.000000	0/862.jpg
875	0.000000	0/569.jpg
876	0.000000	0/1299.jpg
877	0.000000	0/680.jpg
878	0.000000	0/422.jpg
879	0.000000	0/1175.jpg
880	0.000000	0/1511.jpg
881	0.000000	0/1295.jpg
882	0.000000	0/970.jpg
883	0.000000	0/1446.jpg
884	0.000000	0/1630.jpg
885	0.000000	0/806.jpg
886	0.000000	0/348.jpg
887	0.000000	0/783.jpg
888	0.000000	0/1431.jpg
889	0.000000	0/1258.jpg
890	0.000000	0/1043.jpg
891	0.000000	0/541.jpg
892	0.000000	0/1539.jpg
893	0.000000	0/717.jpg
894	0.000000	0/85.jpg
895	0.000000	0/1266.jpg
896	0.000000	0/974.jpg
897	0.000000	0/604.jpg
898	0.000000	0/1106.jpg
899	0.000000	0/749.jpg
900	0.000000	0/290.jpg
901	0.000000	0/1382.jpg
902	0.000000	0/205.jpg
903	0.000000	0/962.jpg
904	0.000000	0/311.jpg
905	0.000000	0/725.jpg
906	0.000000	0/617.jpg
907	0.000000	0/1201.jpg
908	0.000000	0/231.jpg
909	0.000000	0/401.jpg
910	0.000000	0/615.jpg
911	0.000000	0/587.jpg
912	0.000000	0/1608.jpg
913	0.000000	0/1057.jpg
914	0.000000	0/1355.jpg
915	0.000000	0/1423.jpg
916	0.000000	0/1558.jpg
917	0.000000	0/1508.jpg
918	0.000000	0/115.jpg
919	0.000000	0/756.jpg
920	0.000000	0/690.jpg
921	0.000000	0/823.jpg
922	0.000000	0/1308.jpg
923	0.000000	0/1267.jpg
924	0.000000	0/500.jpg
925	0.000000	0/233.jpg
926	0.000000	0/1036.jpg
927	0.000000	0/1337.jpg
928	0.000000	0/1623.jpg
929	0.000000	0/734.jpg
930	0.000000	0/64.jpg
931	0.000000	0/1461.jpg
932	0.000000	0/1305.jpg
933	0.000000	0/493.jpg
934	0.000000	0/176.jpg
935	0.000000	0/1202.jpg
936	0.000000	0/437.jpg
937	0.000000	0/72.jpg
938	0.000000	0/292.jpg
939	0.000000	0/527.jpg
940	0.000000	0/673.jpg
941	0.000000	0/128.jpg
942	0.000000	0/748.jpg
943	0.000000	0/1132.jpg
944	0.000000	0/372.jpg
945	0.000000	0/470.jpg
946	0.000000	0/254.jpg
947	0.000000	0/465.jpg
948	0.000000	0/1400.jpg
949	0.000000	0/854.jpg
950	0.000000	0/993.jpg
951	0.000000	0/674.jpg
952	0.000000	0/246.jpg
953	0.000000	0/1089.jpg
954	0.000000	0/1062.jpg
955	0.000000	0/1451.jpg
956	0.000000	0/184.jpg
957	0.000000	0/1553.jpg
958	0.000000	0/1220.jpg
959	0.000000	0/327.jpg
960	0.000000	0/1453.jpg
961	0.000000	0/310.jpg
962	0.000000	0/1280.jpg
963	0.000000	0/704.jpg
964	0.000000	0/351.jpg
965	0.000000	0/1065.jpg
966	0.000000	0/941.jpg
967	0.000000	0/102.jpg
968	0.000000	0/631.jpg
969	0.000000	0/781.jpg
970	0.000000	0/1109.jpg
971	0.000000	0/1087.jpg
972	0.000000	0/1484.jpg
973	0.000000	0/935.jpg
974	0.000000	0/530.jpg
975	0.000000	0/713.jpg
976	0.000000	0/366.jpg
977	0.000000	0/670.jpg
978	0.000000	0/1324.jpg
979	0.000000	0/1481.jpg
980	0.000000	0/760.jpg
981	0.000000	0/625.jpg
982	0.000000	0/1135.jpg
983	0.000000	0/238.jpg
984	0.000000	0/1302.jpg
985	0.000000	0/1592.jpg
986	0.000000	0/1463.jpg
987	0.000000	0/492.jpg
988	0.000000	0/1257.jpg
989	0.000000	0/28.jpg
990	0.000000	0/946.jpg
991	0.000000	0/51.jpg
992	0.000000	0/1016.jpg
993	0.000000	0/1099.jpg
994	0.000000	0/400.jpg
995	0.000000	0/745.jpg
996	0.000000	0/1245.jpg
997	0.000000	0/1576.jpg
998	0.000000	0/1164.jpg
999	0.000000	0/1475.jpg
1000	0.000000	0/381.jpg
1001	0.000000	0/1138.jpg
1002	0.000000	0/1061.jpg
1003	0.000000	0/1327.jpg
1004	0.000000	0/1316.jpg
1005	0.000000	0/525.jpg
1006	0.000000	0/963.jpg
1007	0.000000	0/291.jpg
1008	0.000000	0/957.jpg
1009	0.000000	0/487.jpg
1010	0.000000	0/1341.jpg
1011	0.000000	0/712.jpg
1012	0.000000	0/1421.jpg
1013	0.000000	0/887.jpg
1014	0.000000	0/479.jpg
1015	0.000000	0/1124.jpg
1016	0.000000	0/533.jpg
1017	0.000000	0/204.jpg
1018	0.000000	0/774.jpg
1019	0.000000	0/730.jpg
1020	0.000000	0/591.jpg
1021	0.000000	0/842.jpg
1022	0.000000	0/1356.jpg
1023	0.000000	0/534.jpg
1024	0.000000	0/645.jpg
1025	0.000000	0/686.jpg
1026	0.000000	0/317.jpg
1027	0.000000	0/411.jpg
1028	0.000000	0/1112.jpg
1029	0.000000	0/337.jpg
1030	0.000000	0/100.jpg
1031	0.000000	0/1038.jpg
1032	0.000000	0/456.jpg
1033	0.000000	0/1458.jpg
1034	0.000000	0/161.jpg
1035	0.000000	0/1037.jpg
1036	0.000000	0/214.jpg
1037	0.000000	0/172.jpg
1038	0.000000	0/1068.jpg
1039	0.000000	0/771.jpg
1040	0.000000	0/551.jpg
1041	0.000000	0/1607.jpg
1042	0.000000	0/397.jpg
1043	0.000000	0/1117.jpg
1044	0.000000	0/370.jpg
1045	0.000000	0/969.jpg
1046	0.000000	0/1282.jpg
1047	0.000000	0/1614.jpg
1048	0.000000	0/1227.jpg
1049	0.000000	0/1173.jpg
1050	0.000000	0/1478.jpg
1051	0.000000	0/1022.jpg
1052	0.000000	0/927.jpg
1053	0.000000	0/1178.jpg
1054	0.000000	0/1248.jpg
1055	0.000000	0/1339.jpg
1056	0.000000	0/603.jpg
1057	0.000000	0/255.jpg
1058	0.000000	0/431.jpg
1059	0.000000	0/999.jpg
1060	0.000000	0/1406.jpg
1061	0.000000	0/112.jpg
1062	0.000000	0/54.jpg
1063	0.000000	0/103.jpg
1064	0.000000	0/517.jpg
1065	0.000000	0/1297.jpg
1066	0.000000	0/542.jpg
1067	0.000000	0/729.jpg
1068	0.000000	0/592.jpg
1069	0.000000	0/448.jpg
1070	0.000000	0/1622.jpg
1071	0.000000	0/1606.jpg
1072	0.000000	0/566.jpg
1073	0.000000	0/3.jpg
1074	0.000000	0/790.jpg
1075	0.000000	0/1048.jpg
1076	0.000000	0/236.jpg
1077	0.000000	0/301.jpg
1078	0.000000	0/553.jpg
1079	0.000000	0/816.jpg
1080	0.000000	0/390.jpg
1081	0.000000	0/1110.jpg
1082	0.000000	0/979.jpg
1083	0.000000	0/557.jpg
1084	0.000000	0/441.jpg
1085	0.000000	0/225.jpg
1086	0.000000	0/1439.jpg
1087	0.000000	0/906.jpg
1088	0.000000	0/724.jpg
1089	0.000000	0/989.jpg
1090	0.000000	0/359.jpg
1091	0.000000	0/702.jpg
1092	0.000000	0/244.jpg
1093	0.000000	0/913.jpg
1094	0.000000	0/1353.jpg
1095	0.000000	0/1272.jpg
1096	0.000000	0/1433.jpg
1097	0.000000	0/1072.jpg
1098	0.000000	0/259.jpg
1099	0.000000	0/491.jpg
1100	0.000000	0/391.jpg
1101	0.000000	0/763.jpg
1102	0.000000	0/1535.jpg
1103	0.000000	0/282.jpg
1104	0.000000	0/956.jpg
1105	0.000000	0/484.jpg
1106	0.000000	0/185.jpg
1107	0.000000	0/429.jpg
1108	0.000000	0/746.jpg
1109	0.000000	0/1528.jpg
1110	0.000000	0/797.jpg
1111	0.000000	0/202.jpg
1112	0.000000	0/735.jpg
1113	0.000000	0/653.jpg
1114	0.000000	0/458.jpg
1115	0.000000	0/435.jpg
1116	0.000000	0/1311.jpg
1117	0.000000	0/747.jpg
1118	0.000000	0/1565.jpg
1119	0.000000	0/315.jpg
1120	0.000000	0/1447.jpg
1121	0.000000	0/1152.jpg
1122	0.000000	0/267.jpg
1123	0.000000	0/1142.jpg
1124	0.000000	0/142.jpg
1125	0.000000	0/373.jpg
1126	0.000000	0/1562.jpg
1127	0.000000	0/1312.jpg
1128	0.000000	0/477.jpg
1129	0.000000	0/1532.jpg
1130	0.000000	0/595.jpg
1131	0.000000	0/1399.jpg
1132	0.000000	0/120.jpg
1133	0.000000	0/179.jpg
1134	0.000000	0/618.jpg
1135	0.000000	0/1285.jpg
1136	0.000000	0/403.jpg
1137	0.000000	0/10.jpg
1138	0.000000	0/416.jpg
1139	0.000000	0/59.jpg
1140	0.000000	0/912.jpg
1141	0.000000	0/967.jpg
1142	0.000000	0/1198.jpg
1143	0.000000	0/1067.jpg
1144	0.000000	0/740.jpg
1145	0.000000	0/609.jpg
1146	0.000000	0/715.jpg
1147	0.000000	0/641.jpg
1148	0.000000	0/776.jpg
1149	0.000000	0/250.jpg
1150	0.000000	0/624.jpg
1151	0.000000	0/971.jpg
1152	0.000000	0/965.jpg
1153	0.000000	0/1552.jpg
1154	0.000000	0/918.jpg
1155	0.000000	0/56.jpg
1156	0.000000	0/1389.jpg
1157	0.000000	0/583.jpg
1158	0.000000	0/651.jpg
1159	0.000000	0/57.jpg
1160	0.000000	0/89.jpg
1161	0.000000	0/750.jpg
1162	0.000000	0/1469.jpg
1163	0.000000	0/744.jpg
1164	0.000000	0/1207.jpg
1165	0.000000	0/594.jpg
1166	0.000000	0/1279.jpg
1167	0.000000	0/794.jpg
1168	0.000000	0/1546.jpg
1169	0.000000	0/1601.jpg
1170	0.000000	0/302.jpg
1171	0.000000	0/571.jpg
1172	0.000000	0/958.jpg
1173	0.000000	0/1083.jpg
1174	0.000000	0/1040.jpg
1175	0.000000	0/101.jpg
1176	0.000000	0/446.jpg
1177	0.000000	0/287.jpg
1178	0.000000	0/293.jpg
1179	0.000000	0/472.jpg
1180	0.000000	0/1477.jpg
1181	0.000000	0/26.jpg
1182	0.000000	0/826.jpg
1183	0.000000	0/121.jpg
1184	0.000000	0/1226.jpg
1185	0.000000	0/417.jpg
1186	0.000000	0/228.jpg
1187	0.000000	0/78.jpg
1188	0.000000	0/1131.jpg
1189	0.000000	0/1129.jpg
1190	0.000000	0/1121.jpg
1191	0.000000	0/817.jpg
1192	0.000000	0/1321.jpg
1193	0.000000	0/695.jpg
1194	0.000000	0/1596.jpg
1195	0.000000	0/1585.jpg
1196	0.000000	0/1235.jpg
1197	0.000000	0/218.jpg
1198	0.000000	0/514.jpg
1199	0.000000	0/1333.jpg
1200	0.000000	0/635.jpg
1201	0.000000	0/226.jpg
1202	0.000000	0/1313.jpg
1203	0.000000	0/1485.jpg
1204	0.000000	0/1448.jpg
1205	0.000000	0/1240.jpg
1206	0.000000	0/1519.jpg
1207	0.000000	0/1181.jpg
1208	0.000000	0/682.jpg
1209	0.000000	0/1326.jpg
1210	0.000000	0/211.jpg
1211	0.000000	0/893.jpg
1212	0.000000	0/1369.jpg
1213	0.000000	0/1525.jpg
1214	0.000000	0/882.jpg
1215	0.000000	0/16.jpg
1216	0.000000	0/468.jpg
1217	0.000000	0/144.jpg
1218	0.000000	0/1360.jpg
1219	0.000000	0/1163.jpg
1220	0.000000	0/613.jpg
1221	0.000000	0/73.jpg
1222	0.000000	0/835.jpg
1223	0.000000	0/770.jpg
1224	0.000000	0/1317.jpg
1225	0.000000	0/1025.jpg
1226	0.000000	0/1125.jpg
1227	0.000000	0/471.jpg
1228	0.000000	0/886.jpg
1229	0.000000	0/821.jpg
1230	0.000000	0/219.jpg
1231	0.000000	0/689.jpg
1232	0.000000	0/274.jpg
1233	0.000000	0/1120.jpg
1234	0.000000	0/976.jpg
1235	0.000000	0/834.jpg
1236	0.000000	0/1499.jpg
1237	0.000000	0/1292.jpg
1238	0.000000	0/1150.jpg
1239	0.000000	0/1434.jpg
1240	0.000000	0/361.jpg
1241	0.000000	0/1560.jpg
1242	0.000000	0/191.jpg
1243	0.000000	0/564.jpg
1244	0.000000	0/123.jpg
1245	0.000000	0/240.jpg
1246	0.000000	0/379.jpg
1247	0.000000	0/759.jpg
1248	0.000000	0/959.jpg
1249	0.000000	0/497.jpg
1250	0.000000	0/1419.jpg
1251	0.000000	0/516.jpg
1252	0.000000	0/1599.jpg
1253	0.000000	0/515.jpg
1254	0.000000	0/343.jpg
1255	0.000000	0/1063.jpg
1256	0.000000	0/1189.jpg
1257	0.000000	0/1090.jpg
1258	0.000000	0/987.jpg
1259	0.000000	0/931.jpg
1260	0.000000	0/509.jpg
1261	0.000000	0/705.jpg
1262	0.000000	0/1034.jpg
1263	0.000000	0/859.jpg
1264	0.000000	0/207.jpg
1265	0.000000	0/277.jpg
1266	0.000000	0/1214.jpg
1267	0.000000	0/1375.jpg
1268	0.000000	0/1350.jpg
1269	0.000000	0/1541.jpg
1270	0.000000	0/1254.jpg
1271	0.000000	0/841.jpg
1272	0.000000	0/716.jpg
1273	0.000000	0/1127.jpg
1274	0.000000	0/298.jpg
1275	0.000000	0/367.jpg
1276	0.000000	0/1569.jpg
1277	0.000000	0/1156.jpg
1278	0.000000	0/1550.jpg
1279	0.000000	0/90.jpg
1280	0.000000	0/1259.jpg
1281	0.000000	0/937.jpg
1282	0.000000	0/469.jpg
1283	0.000000	0/342.jpg
1284	0.000000	0/642.jpg
1285	0.000000	0/181.jpg
1286	0.000000	0/1320.jpg
1287	0.000000	0/643.jpg
1288	0.000000	0/1176.jpg
1289	0.000000	0/1166.jpg
1290	0.000000	0/153.jpg
1291	0.000000	0/504.jpg
1292	0.000000	0/671.jpg
1293	0.000000	0/4.jpg
1294	0.000000	0/399.jpg
1295	0.000000	0/851.jpg
1296	0.000000	0/1374.jpg
1297	0.000000	0/1208.jpg
1298	0.000000	0/306.jpg
1299	0.000000	0/5.jpg
1300	0.000000	0/803.jpg
1301	0.000000	0/74.jpg
1302	0.000000	0/1211.jpg
1303	0.000000	0/365.jpg
1304	0.000000	0/87.jpg
1305	0.000000	0/289.jpg
1306	0.000000	0/948.jpg
1307	0.000000	0/265.jpg
1308	0.000000	0/222.jpg
1309	0.000000	0/626.jpg
1310	0.000000	0/319.jpg
1311	0.000000	0/460.jpg
1312	0.000000	0/488.jpg
1313	0.000000	0/1459.jpg
1314	0.000000	0/526.jpg
1315	0.000000	0/285.jpg
1316	0.000000	0/560.jpg
1317	0.000000	0/374.jpg
1318	0.000000	0/576.jpg
1319	0.000000	0/163.jpg
1320	0.000000	0/235.jpg
1321	0.000000	0/1616.jpg
1322	0.000000	0/536.jpg
1323	0.000000	0/1500.jpg
1324	0.000000	0/86.jpg
1325	0.000000	0/1462.jpg
1326	0.000000	0/660.jpg
1327	0.000000	0/1140.jpg
1328	0.000000	0/1288.jpg
1329	0.000000	0/732.jpg
1330	0.000000	0/253.jpg
1331	0.000000	0/1594.jpg
1332	0.000000	0/1342.jpg
1333	0.000000	0/1425.jpg
1334	0.000000	0/1609.jpg
1335	0.000000	0/1192.jpg
1336	0.000000	0/1114.jpg
1337	0.000000	0/872.jpg
1338	0.000000	0/195.jpg
1339	0.000000	0/1234.jpg
1340	0.000000	0/1557.jpg
1341	0.000000	0/1376.jpg
1342	0.000000	0/505.jpg
1343	0.000000	0/942.jpg
1344	0.000000	0/507.jpg
1345	0.000000	0/149.jpg
1346	0.000000	0/105.jpg
1347	0.000000	0/32.jpg
1348	0.000000	0/1440.jpg
1349	0.000000	0/97.jpg
1350	0.000000	0/1130.jpg
1351	0.000000	0/1512.jpg
1352	0.000000	0/1185.jpg
1353	0.000000	0/800.jpg
1354	0.000000	0/241.jpg
1355	0.000000	0/1028.jpg
1356	0.000000	0/998.jpg
1357	0.000000	0/34.jpg
1358	0.000000	0/706.jpg
1359	0.000000	0/33.jpg
1360	0.000000	0/697.jpg
1361	0.000000	0/1513.jpg
1362	0.000000	0/966.jpg
1363	0.000000	0/427.jpg
1364	0.000000	0/316.jpg
1365	0.000000	0/1032.jpg
1366	0.000000	0/212.jpg
1367	0.000000	0/1103.jpg
1368	0.000000	0/318.jpg
1369	0.000000	0/1533.jpg
1370	0.000000	0/664.jpg
1371	0.000000	0/824.jpg
1372	0.000000	0/1006.jpg
1373	0.000000	0/1188.jpg
1374	0.000000	0/698.jpg
1375	0.000000	0/385.jpg
1376	0.000000	0/1287.jpg
1377	0.000000	0/1097.jpg
1378	0.000000	0/20.jpg
1379	0.000000	0/895.jpg
1380	0.000000	0/742.jpg
1381	0.000000	0/242.jpg
1382	0.000000	0/304.jpg
1383	0.000000	0/396.jpg
1384	0.000000	0/667.jpg
1385	0.000000	0/1338.jpg
1386	0.000000	0/1627.jpg
1387	0.000000	0/138.jpg
1388	0.000000	0/930.jpg
1389	0.000000	0/743.jpg
1390	0.000000	0/297.jpg
1391	0.000000	0/489.jpg
1392	0.000000	0/1013.jpg
1393	0.000000	0/451.jpg
1394	0.000000	0/450.jpg
1395	0.000000	0/990.jpg
1396	0.000000	0/529.jpg
1397	0.000000	0/68.jpg
1398	0.000000	0/554.jpg
1399	0.000000	0/1365.jpg
1400	0.000000	0/636.jpg
1401	0.000000	0/654.jpg
1402	0.000000	0/510.jpg
1403	0.000000	0/708.jpg
1404	0.000000	0/131.jpg
1405	0.000000	0/945.jpg
1406	0.000000	0/96.jpg
1407	0.000000	0/438.jpg
1408	0.000000	0/1002.jpg
1409	0.000000	0/404.jpg
1410	0.000000	0/1094.jpg
1411	0.000000	0/896.jpg
1412	0.000000	0/1598.jpg
1413	0.000000	0/874.jpg
1414	0.000000	0/1017.jpg
1415	0.000000	0/1588.jpg
1416	0.000000	0/1492.jpg
1417	0.000000	0/421.jpg
1418	0.000000	0/19.jpg
1419	0.000000	0/520.jpg
1420	0.000000	0/1631.jpg
1421	0.000000	0/1159.jpg
1422	0.000000	0/336.jpg
1423	0.000000	0/1217.jpg
1424	0.000000	0/628.jpg
1425	0.000000	0/1587.jpg
1426	0.000000	0/1449.jpg
1427	0.000000	0/1543.jpg
1428	0.000000	0/409.jpg
1429	0.000000	0/578.jpg
1430	0.000000	0/197.jpg
1431	0.000000	0/585.jpg
1432	0.000000	0/1111.jpg
1433	0.000000	0/1625.jpg
1434	0.000000	0/1629.jpg
1435	0.000000	0/1260.jpg
1436	0.000000	0/677.jpg
1437	0.000000	0/418.jpg
1438	0.000000	0/850.jpg
1439	0.000000	0/1314.jpg
1440	0.000000	0/117.jpg
1441	0.000000	0/752.jpg
1442	0.000000	0/269.jpg
1443	0.000000	0/295.jpg
1444	0.000000	0/599.jpg
1445	0.000000	0/860.jpg
1446	0.000000	0/208.jpg
1447	0.000000	0/1187.jpg
1448	0.000000	0/923.jpg
1449	0.000000	0/1579.jpg
1450	0.000000	0/1011.jpg
1451	0.000000	0/871.jpg
1452	0.000000	0/672.jpg
1453	0.000000	0/614.jpg
1454	0.000000	0/1530.jpg
1455	0.000000	0/158.jpg
1456	0.000000	0/828.jpg
1457	0.000000	0/1577.jpg
1458	0.000000	0/256.jpg
1459	0.000000	0/44.jpg
1460	0.000000	0/1074.jpg
1461	0.000000	0/243.jpg
1462	0.000000	0/1420.jpg
1463	0.000000	0/767.jpg
1464	0.000000	0/305.jpg
1465	0.000000	0/494.jpg
1466	0.000000	0/482.jpg
1467	0.000000	0/55.jpg
1468	0.000000	0/1494.jpg
1469	0.000000	0/113.jpg
1470	0.000000	0/1489.jpg
1471	0.000000	0/1544.jpg
1472	0.000000	0/137.jpg
1473	0.000000	0/1284.jpg
1474	0.000000	0/177.jpg
1475	0.000000	0/1372.jpg
1476	0.000000	0/467.jpg
1477	0.000000	0/1470.jpg
1478	0.000000	0/1366.jpg
1479	0.000000	0/1023.jpg
1480	0.000000	0/820.jpg
1481	0.000000	0/870.jpg
1482	0.000000	0/1466.jpg
1483	0.000000	0/1554.jpg
1484	0.000000	0/555.jpg
1485	0.000000	0/584.jpg
1486	0.000000	0/549.jpg
1487	0.000000	0/1141.jpg
1488	0.000000	0/524.jpg
1489	0.000000	0/45.jpg
1490	0.000000	0/1222.jpg
1491	0.000000	0/1119.jpg
1492	0.000000	0/684.jpg
1493	0.000000	0/703.jpg
1494	0.000000	0/1488.jpg
1495	0.000000	0/1394.jpg
1496	0.000000	0/610.jpg
1497	0.000000	0/1077.jpg
1498	0.000000	0/650.jpg
1499	0.000000	0/787.jpg
1500	0.000000	0/1559.jpg
1501	0.000000	0/283.jpg
1502	0.000000	0/1247.jpg
1503	0.000000	0/1291.jpg
1504	0.000000	0/232.jpg
1505	0.000000	0/798.jpg
1506	0.000000	0/1209.jpg
1507	0.000000	0/1184.jpg
1508	0.000000	0/1123.jpg
1509	0.000000	0/1205.jpg
1510	0.000000	0/782.jpg
1511	0.000000	0/711.jpg
1512	0.000000	0/1393.jpg
1513	0.000000	0/173.jpg
1514	0.000000	0/755.jpg
1515	0.000000	0/840.jpg
1516	0.000000	0/389.jpg
1517	0.000000	0/215.jpg
1518	0.000000	0/125.jpg
1519	0.000000	0/478.jpg
1520	0.000000	0/950.jpg
1521	0.000000	0/466.jpg
1522	0.000000	0/1264.jpg
1523	0.000000	0/694.jpg
1524	0.000000	0/827.jpg
1525	0.000000	0/192.jpg
1526	0.000000	0/707.jpg
1527	0.000000	0/182.jpg
1528	0.000000	0/804.jpg
1529	0.000000	0/1438.jpg
1530	0.000000	0/869.jpg
1531	0.000000	0/1397.jpg
1532	0.000000	0/1199.jpg
1533	0.000000	0/758.jpg
1534	0.000000	0/190.jpg
1535	0.000000	0/839.jpg
1536	0.000000	0/778.jpg
1537	0.000000	0/519.jpg
1538	0.000000	0/273.jpg
1539	0.000000	0/1556.jpg
1540	0.000000	0/166.jpg
1541	0.000000	0/1197.jpg
1542	0.000000	0/1155.jpg
1543	0.000000	0/189.jpg
1544	0.000000	0/1551.jpg
1545	0.000000	0/577.jpg
1546	0.000000	0/1621.jpg
1547	0.000000	0/568.jpg
1548	0.000000	0/1195.jpg
1549	0.000000	0/178.jpg
1550	0.000000	0/1454.jpg
1551	0.000000	0/785.jpg
1552	0.000000	0/392.jpg
1553	0.000000	0/1158.jpg
1554	0.000000	0/844.jpg
1555	0.000000	0/325.jpg
1556	0.000000	0/1570.jpg
1557	0.000000	0/1563.jpg
1558	0.000000	0/1344.jpg
1559	0.000000	0/180.jpg
1560	0.000000	0/508.jpg
1561	0.000000	0/1435.jpg
1562	0.000000	0/63.jpg
1563	0.000000	0/216.jpg
1564	0.000000	0/261.jpg
1565	0.000000	0/915.jpg
1566	0.000000	0/6.jpg
1567	0.000000	0/171.jpg
1568	0.000000	0/1615.jpg
1569	0.000000	0/1.jpg
1570	0.000000	0/1582.jpg
1571	0.000000	0/1383.jpg
1572	0.000000	0/58.jpg
1573	0.000000	0/50.jpg
1574	0.000000	0/410.jpg
1575	0.000000	0/148.jpg
1576	0.000000	0/1027.jpg
1577	0.000000	0/535.jpg
1578	0.000000	0/320.jpg
1579	0.000000	0/1133.jpg
1580	0.000000	0/251.jpg
1581	0.000000	0/23.jpg
1582	0.000000	0/1115.jpg
1583	0.000000	0/324.jpg
1584	0.000000	0/691.jpg
1585	0.000000	0/223.jpg
1586	0.000000	0/1113.jpg
1587	0.000000	0/606.jpg
1588	0.000000	0/757.jpg
1589	0.000000	0/1170.jpg
1590	0.000000	0/1593.jpg
1591	0.000000	0/622.jpg
1592	0.000000	0/902.jpg
1593	0.000000	0/639.jpg
1594	0.000000	0/388.jpg
1595	0.000000	0/890.jpg
1596	0.000000	0/1428.jpg
1597	0.000000	0/1452.jpg
1598	0.000000	0/1387.jpg
1599	0.000000	0/1487.jpg
1600	0.000000	0/196.jpg
1601	0.000000	0/728.jpg
1602	0.000000	0/29.jpg
1603	0.000000	0/436.jpg
1604	0.000000	0/1506.jpg
1605	0.000000	0/1450.jpg
1606	0.000000	0/669.jpg
1607	0.000000	0/156.jpg
1608	0.000000	0/1618.jpg
1609	0.000000	0/162.jpg
1610	0.000000	0/972.jpg
1611	0.000000	0/345.jpg
1612	0.000000	0/1490.jpg
1613	0.000000	0/424.jpg
1614	0.000000	0/649.jpg
1615	0.000000	0/62.jpg
1616	0.000000	0/1619.jpg
1617	0.000000	0/789.jpg
1618	0.000000	0/1241.jpg
1619	0.000000	0/908.jpg
1620	0.000000	0/213.jpg
1621	0.000000	0/589.jpg
1622	0.000000	0/905.jpg
1623	0.000000	0/1480.jpg
1624	0.000000	0/1081.jpg
1625	0.000000	0/1270.jpg
1626	0.000000	0/1165.jpg
1627	0.000000	0/371.jpg
1628	0.000000	0/229.jpg
1629	0.000000	0/1126.jpg
1630	0.000000	0/1626.jpg
1631	0.000000	0/977.jpg
